<?xml version="1.0" encoding="UTF-8"?>
<!-- Generated by org.testng.reporters.JUnitReportReporter -->
<testsuite hostname="DESKTOP-N4Q2H1D" failures="0" tests="1" name="Automation.Test1" time="25.200" errors="0" timestamp="2022-01-27T17:01:34 PKT" skipped="0">
  <testcase classname="Automation.Test1" name="FirstTest" time="25.200"/>
  <system-out/>
</testsuite> <!-- Automation.Test1 -->
