<?xml version="1.0" encoding="UTF-8"?>
<!-- Generated by org.testng.reporters.JUnitReportReporter -->
<testsuite hostname="DESKTOP-N4Q2H1D" failures="0" tests="1" name="Automation.MobileGestures" time="27.255" errors="0" timestamp="2022-01-31T13:24:58 PKT" skipped="0">
  <testcase classname="Automation.MobileGestures" name="Gestures" time="27.255"/>
  <system-out/>
</testsuite> <!-- Automation.MobileGestures -->
