<?xml version="1.0" encoding="UTF-8"?>
<!-- Generated by org.testng.reporters.JUnitReportReporter -->
<testsuite hostname="DESKTOP-N4Q2H1D" failures="0" tests="1" name="Automation.BasicAppium" time="30.445" errors="0" timestamp="2022-02-03T11:59:48 PKT" skipped="0">
  <testcase classname="Automation.BasicAppium" name="FirstTest" time="30.445"/>
  <system-out/>
</testsuite> <!-- Automation.BasicAppium -->
